13
42 1 32 1 17 43 50 1 34 42 1 35 40 
10
16 45 1 35 39 45 46 1 29 45 
11
31 43 1 37 38 1 18 19 1 10 46 
10
29 31 1 12 32 38 50 1 37 39 
9
45 1 27 40 43 49 1 26 36 
9
10 34 37 37 1 21 44 1 41 
10
29 36 47 1 24 1 11 48 1 41 
3
4 35 42 
2
37 45 
13
17 36 43 1 34 1 29 32 43 1 29 1 8 
4
26 48 1 29 
10
50 1 18 45 45 48 1 29 31 50 
4
40 1 7 41 
11
50 1 39 49 1 17 1 16 41 42 44 
16
13 43 1 27 39 1 19 38 1 6 41 49 1 45 45 50 
9
10 10 39 1 34 1 31 32 39 
6
11 33 41 1 36 44 
12
5 28 33 1 10 22 28 49 1 23 43 45 
8
31 49 49 1 31 1 18 34 
13
19 22 49 1 42 1 21 27 32 39 1 33 33 
15
39 1 36 46 1 17 46 46 1 13 38 1 6 24 31 
14
15 19 25 34 42 1 29 37 41 1 30 46 1 38 
3
16 34 46 
5
24 40 45 1 25 
4
16 17 23 31 
11
41 1 40 1 25 26 43 45 1 23 36 
11
40 1 16 1 11 31 46 1 31 1 25 
10
4 41 1 21 35 41 48 48 1 27 
15
19 23 44 1 23 28 34 1 7 13 45 46 1 21 39 
11
2 44 1 25 28 1 25 43 1 35 48 
12
19 48 50 1 24 40 1 34 1 28 1 19 
15
21 24 44 1 40 1 35 1 22 25 27 48 1 24 33 
2
36 37 
15
49 1 17 17 29 46 1 8 50 1 32 32 1 10 39 
9
48 49 1 32 1 15 22 24 28 
12
43 1 32 1 14 25 45 45 1 23 24 36 
6
28 1 24 41 1 15 
6
47 1 43 1 26 30 
1
50 
6
45 50 1 10 37 38 
14
28 35 35 47 1 32 1 17 21 25 33 39 41 47 
3
23 46 49 
10
8 41 1 12 30 1 13 38 1 21 
3
42 1 21 
1
28 
10
47 1 42 42 1 39 1 34 43 43 
2
9 44 
12
39 43 1 17 26 44 1 27 1 18 40 41 
9
36 44 1 27 44 1 20 42 50 
12
47 50 1 33 40 1 22 37 1 33 1 24 
